Arguments: 
  /home/andre/.nvm/versions/node/v18.11.0/bin/node /usr/local/bin/yarn install

PATH: 
  /home/andre/bin:/home/andre/.nvm/versions/node/v18.11.0/bin:/usr/local/sbin:/usr/local/bin:/usr/sbin:/usr/bin:/sbin:/bin:/usr/games:/usr/local/games:/snap/bin

Yarn version: 
  1.22.18

Node version: 
  18.11.0

Platform: 
  linux x64

Trace: 
  Error: https://registry.yarnpkg.com/@exercism%2fbabel-preset-typescript: ETIMEDOUT
      at Timeout._onTimeout (/usr/local/lib/node_modules/yarn/lib/cli.js:141543:19)
      at listOnTimeout (node:internal/timers:564:17)
      at process.processTimers (node:internal/timers:507:7)

npm manifest: 
  {
    "name": "@exercism/typescript-resistor-color-trio",
    "version": "1.0.0",
    "description": "Exercism practice exercise on resistor-color-trio",
    "author": "Katrina Owen",
    "contributors": [
      "Derk-Jan Karrenbeld <derk-jan+git@karrenbeld.info> (https://derk-jan.com)"
    ],
    "private": true,
    "repository": {
      "type": "git",
      "url": "https://github.com/exercism/typescript"
    },
    "type": "module",
    "engines": {
      "node": "^14.13.1 || >=16.0.0"
    },
    "devDependencies": {
      "@exercism/babel-preset-typescript": "^0.1.0",
      "@exercism/eslint-config-typescript": "^0.4.1",
      "@types/jest": "^27.4.0",
      "@types/node": "^16.11.24",
      "babel-jest": "^27.5.1",
      "core-js": "^3.21.0",
      "eslint": "^8.9.0",
      "jest": "^27.5.1",
      "typescript": "^4.5.4"
    },
    "scripts": {
      "test": "yarn lint:types && jest --no-cache",
      "lint": "yarn lint:types && yarn lint:ci",
      "lint:types": "yarn tsc --noEmit -p .",
      "lint:ci": "eslint . --ext .tsx,.ts"
    }
  }

yarn manifest: 
  No manifest

Lockfile: 
  No lockfile
